<?xml version="1.0" encoding="UTF-8"?>
<testsuite name="RockPaperScissorsTest" tests="7" skipped="0" failures="0" errors="0" timestamp="2016-02-10T22:51:42" hostname="staff-4.local" time="0.0">
  <properties/>
  <testcase name="Player2WinsWithScissors_true" classname="RockPaperScissorsTest" time="0.0"/>
  <testcase name="ScissorsWinsAgainstPaper_true" classname="RockPaperScissorsTest" time="0.0"/>
  <testcase name="Player2WinsWithPaper_true" classname="RockPaperScissorsTest" time="0.0"/>
  <testcase name="Player2WinsWithRock_true" classname="RockPaperScissorsTest" time="0.0"/>
  <testcase name="PaperWinsAgainstRock_true" classname="RockPaperScissorsTest" time="0.0"/>
  <testcase name="RockWinsAgainstScissors_true" classname="RockPaperScissorsTest" time="0.0"/>
  <testcase name="isTieIfMovesAreSame_true" classname="RockPaperScissorsTest" time="0.0"/>
  <system-out><![CDATA[]]></system-out>
  <system-err><![CDATA[]]></system-err>
</testsuite>
